<?xml version="1.0" encoding="UTF-8"?>
<!-- Generated by org.testng.reporters.JUnitReportReporter -->
<testsuite hostname="Asplap1362" failures="0" tests="2" name="lambdaAssignmentPack.LambdaAssignmentClass1" time="36.686" errors="0" timestamp="2023-09-12T12:14:48 IST" skipped="0">
  <testcase classname="lambdaAssignmentPack.LambdaAssignmentClass1" name="testSimple" time="21.488"/>
  <system-out/>
  <testcase classname="lambdaAssignmentPack.LambdaAssignmentClass1" name="testSimple" time="15.198"/>
  <system-out/>
</testsuite> <!-- lambdaAssignmentPack.LambdaAssignmentClass1 -->
